<?xml version="1.0" encoding="UTF-8"?>
<!-- Generated by org.testng.reporters.JUnitReportReporter -->
<testsuite hostname="INLEN8520063932" failures="0" tests="2" name="testCases.MyFirstTest2" time="25.798" errors="0" timestamp="2022-09-21T21:05:57 IST" skipped="0">
  <testcase classname="testCases.MyFirstTest2" name="loginTest1" time="12.425"/>
  <system-out/>
  <testcase classname="testCases.MyFirstTest2" name="loginTest2" time="13.373"/>
  <system-out/>
</testsuite> <!-- testCases.MyFirstTest2 -->
